# JRE version: Java(TM) SE Runtime Environment (8.0_31-b13) (build 1.8.0_31-b13)
# Java VM: Java HotSpot(TM) 64-Bit Server VM (25.31-b07 mixed mode windows-amd64 compressed oops)
Heap:
 PSYoungGen      total 233984K, used 16112K [0x00000000d5f00000, 0x00000000e7200000, 0x0000000100000000)
  eden space 233472K, 6% used [0x00000000d5f00000,0x00000000d6e7c258,0x00000000e4300000)
  from space 512K, 50% used [0x00000000e4d00000,0x00000000e4d40000,0x00000000e4d80000)
  to   space 24064K, 0% used [0x00000000e5a80000,0x00000000e5a80000,0x00000000e7200000)
 ParOldGen       total 87552K, used 37667K [0x0000000081c00000, 0x0000000087180000, 0x00000000d5f00000)
  object space 87552K, 43% used [0x0000000081c00000,0x00000000840c8c48,0x0000000087180000)
 Metaspace       used 9146K, capacity 9312K, committed 9344K, reserved 1056768K
  class space    used 1072K, capacity 1124K, committed 1152K, reserved 1048576K
GC Heap History (10 events):
Event: 2.456 GC heap before
{Heap before GC invocations=5 (full 0):
 PSYoungGen      total 138240K, used 138231K [0x00000000d5f00000, 0x00000000deb00000, 0x0000000100000000)
  eden space 133120K, 100% used [0x00000000d5f00000,0x00000000de100000,0x00000000de100000)
  from space 5120K, 99% used [0x00000000de600000,0x00000000deafdc60,0x00000000deb00000)
  to   space 5120K, 0% used [0x00000000de100000,0x00000000de100000,0x00000000de600000)
 ParOldGen       total 87552K, used 14240K [0x0000000081c00000, 0x0000000087180000, 0x00000000d5f00000)
  object space 87552K, 16% used [0x0000000081c00000,0x00000000829e8000,0x0000000087180000)
 Metaspace       used 7978K, capacity 8114K, committed 8320K, reserved 1056768K
  class space    used 974K, capacity 1027K, committed 1152K, reserved 1048576K
Event: 2.471 GC heap after
Heap after GC invocations=5 (full 0):
 PSYoungGen      total 138240K, used 5118K [0x00000000d5f00000, 0x00000000e9600000, 0x0000000100000000)
  eden space 133120K, 0% used [0x00000000d5f00000,0x00000000d5f00000,0x00000000de100000)
  from space 5120K, 99% used [0x00000000de100000,0x00000000de5ff8b0,0x00000000de600000)
  to   space 26112K, 0% used [0x00000000e7c80000,0x00000000e7c80000,0x00000000e9600000)
 ParOldGen       total 87552K, used 32084K [0x0000000081c00000, 0x0000000087180000, 0x00000000d5f00000)
  object space 87552K, 36% used [0x0000000081c00000,0x0000000083b55328,0x0000000087180000)
 Metaspace       used 7978K, capacity 8114K, committed 8320K, reserved 1056768K
  class space    used 974K, capacity 1027K, committed 1152K, reserved 1048576K
}
Event: 7.419 GC heap before
{Heap before GC invocations=6 (full 0):
 PSYoungGen      total 138240K, used 138238K [0x00000000d5f00000, 0x00000000e9600000, 0x0000000100000000)
  eden space 133120K, 100% used [0x00000000d5f00000,0x00000000de100000,0x00000000de100000)
  from space 5120K, 99% used [0x00000000de100000,0x00000000de5ff8b0,0x00000000de600000)
  to   space 26112K, 0% used [0x00000000e7c80000,0x00000000e7c80000,0x00000000e9600000)
 ParOldGen       total 87552K, used 32084K [0x0000000081c00000, 0x0000000087180000, 0x00000000d5f00000)
  object space 87552K, 36% used [0x0000000081c00000,0x0000000083b55328,0x0000000087180000)
 Metaspace       used 8824K, capacity 8986K, committed 9088K, reserved 1056768K
  class space    used 1059K, capacity 1123K, committed 1152K, reserved 1048576K
Event: 7.427 GC heap after
Heap after GC invocations=6 (full 0):
 PSYoungGen      total 291328K, used 5662K [0x00000000d5f00000, 0x00000000e9500000, 0x0000000100000000)
  eden space 266240K, 0% used [0x00000000d5f00000,0x00000000d5f00000,0x00000000e6300000)
  from space 25088K, 22% used [0x00000000e7c80000,0x00000000e82078c0,0x00000000e9500000)
  to   space 25600K, 0% used [0x00000000e6300000,0x00000000e6300000,0x00000000e7c00000)
 ParOldGen       total 87552K, used 32092K [0x0000000081c00000, 0x0000000087180000, 0x00000000d5f00000)
  object space 87552K, 36% used [0x0000000081c00000,0x0000000083b57328,0x0000000087180000)
 Metaspace       used 8824K, capacity 8986K, committed 9088K, reserved 1056768K
  class space    used 1059K, capacity 1123K, committed 1152K, reserved 1048576K
}
Event: 45.574 GC heap before
{Heap before GC invocations=7 (full 0):
 PSYoungGen      total 291328K, used 271902K [0x00000000d5f00000, 0x00000000e9500000, 0x0000000100000000)
  eden space 266240K, 100% used [0x00000000d5f00000,0x00000000e6300000,0x00000000e6300000)
  from space 25088K, 22% used [0x00000000e7c80000,0x00000000e82078c0,0x00000000e9500000)
  to   space 25600K, 0% used [0x00000000e6300000,0x00000000e6300000,0x00000000e7c00000)
 ParOldGen       total 87552K, used 32092K [0x0000000081c00000, 0x0000000087180000, 0x00000000d5f00000)
  object space 87552K, 36% used [0x0000000081c00000,0x0000000083b57328,0x0000000087180000)
 Metaspace       used 9128K, capacity 9312K, committed 9344K, reserved 1056768K
  class space    used 1071K, capacity 1124K, committed 1152K, reserved 1048576K
Event: 45.582 GC heap after
Heap after GC invocations=7 (full 0):
 PSYoungGen      total 258560K, used 3655K [0x00000000d5f00000, 0x00000000e8880000, 0x0000000100000000)
  eden space 254464K, 0% used [0x00000000d5f00000,0x00000000d5f00000,0x00000000e5780000)
  from space 4096K, 89% used [0x00000000e6300000,0x00000000e6691c60,0x00000000e6700000)
  to   space 25088K, 0% used [0x00000000e7000000,0x00000000e7000000,0x00000000e8880000)
 ParOldGen       total 87552K, used 34059K [0x0000000081c00000, 0x0000000087180000, 0x00000000d5f00000)
  object space 87552K, 38% used [0x0000000081c00000,0x0000000083d42fe8,0x0000000087180000)
 Metaspace       used 9128K, capacity 9312K, committed 9344K, reserved 1056768K
  class space    used 1071K, capacity 1124K, committed 1152K, reserved 1048576K
}
Event: 81.550 GC heap before
{Heap before GC invocations=8 (full 0):
 PSYoungGen      total 258560K, used 258119K [0x00000000d5f00000, 0x00000000e8880000, 0x0000000100000000)
  eden space 254464K, 100% used [0x00000000d5f00000,0x00000000e5780000,0x00000000e5780000)
  from space 4096K, 89% used [0x00000000e6300000,0x00000000e6691c60,0x00000000e6700000)
  to   space 25088K, 0% used [0x00000000e7000000,0x00000000e7000000,0x00000000e8880000)
 ParOldGen       total 87552K, used 34059K [0x0000000081c00000, 0x0000000087180000, 0x00000000d5f00000)
  object space 87552K, 38% used [0x0000000081c00000,0x0000000083d42fe8,0x0000000087180000)
 Metaspace       used 9131K, capacity 9312K, committed 9344K, reserved 1056768K
  class space    used 1072K, capacity 1124K, committed 1152K, reserved 1048576K
Event: 81.553 GC heap after
Heap after GC invocations=8 (full 0):
 PSYoungGen      total 256000K, used 4231K [0x00000000d5f00000, 0x00000000e7c00000, 0x0000000100000000)
  eden space 243712K, 0% used [0x00000000d5f00000,0x00000000d5f00000,0x00000000e4d00000)
  from space 12288K, 34% used [0x00000000e7000000,0x00000000e7421c80,0x00000000e7c00000)
  to   space 24064K, 0% used [0x00000000e4d00000,0x00000000e4d00000,0x00000000e6480000)
 ParOldGen       total 87552K, used 34107K [0x0000000081c00000, 0x0000000087180000, 0x00000000d5f00000)
  object space 87552K, 38% used [0x0000000081c00000,0x0000000083d4efe8,0x0000000087180000)
 Metaspace       used 9131K, capacity 9312K, committed 9344K, reserved 1056768K
  class space    used 1072K, capacity 1124K, committed 1152K, reserved 1048576K
}
Event: 118.678 GC heap before
{Heap before GC invocations=9 (full 0):
 PSYoungGen      total 256000K, used 247943K [0x00000000d5f00000, 0x00000000e7c00000, 0x0000000100000000)
  eden space 243712K, 100% used [0x00000000d5f00000,0x00000000e4d00000,0x00000000e4d00000)
  from space 12288K, 34% used [0x00000000e7000000,0x00000000e7421c80,0x00000000e7c00000)
  to   space 24064K, 0% used [0x00000000e4d00000,0x00000000e4d00000,0x00000000e6480000)
 ParOldGen       total 87552K, used 34107K [0x0000000081c00000, 0x0000000087180000, 0x00000000d5f00000)
  object space 87552K, 38% used [0x0000000081c00000,0x0000000083d4efe8,0x0000000087180000)
 Metaspace       used 9141K, capacity 9312K, committed 9344K, reserved 1056768K
  class space    used 1072K, capacity 1124K, committed 1152K, reserved 1048576K
Event: 118.681 GC heap after
Heap after GC invocations=9 (full 0):
 PSYoungGen      total 233984K, used 256K [0x00000000d5f00000, 0x00000000e7200000, 0x0000000100000000)
  eden space 233472K, 0% used [0x00000000d5f00000,0x00000000d5f00000,0x00000000e4300000)
  from space 512K, 50% used [0x00000000e4d00000,0x00000000e4d40000,0x00000000e4d80000)
  to   space 24064K, 0% used [0x00000000e5a80000,0x00000000e5a80000,0x00000000e7200000)
 ParOldGen       total 87552K, used 37667K [0x0000000081c00000, 0x0000000087180000, 0x00000000d5f00000)
  object space 87552K, 43% used [0x0000000081c00000,0x00000000840c8c48,0x0000000087180000)
 Metaspace       used 9141K, capacity 9312K, committed 9344K, reserved 1056768K
  class space    used 1072K, capacity 1124K, committed 1152K, reserved 1048576K
}

