# JRE version: Java(TM) SE Runtime Environment (8.0_31-b13) (build 1.8.0_31-b13)
# Java VM: Java HotSpot(TM) 64-Bit Server VM (25.31-b07 mixed mode windows-amd64 compressed oops)
Heap:
 PSYoungGen      total 291328K, used 141269K [0x00000000d5f00000, 0x00000000e9600000, 0x0000000100000000)
  eden space 266240K, 50% used [0x00000000d5f00000,0x00000000de371cd0,0x00000000e6300000)
  from space 25088K, 22% used [0x00000000e7d80000,0x00000000e83038d0,0x00000000e9600000)
  to   space 26112K, 0% used [0x00000000e6300000,0x00000000e6300000,0x00000000e7c80000)
 ParOldGen       total 87552K, used 32076K [0x0000000081c00000, 0x0000000087180000, 0x00000000d5f00000)
  object space 87552K, 36% used [0x0000000081c00000,0x0000000083b53338,0x0000000087180000)
 Metaspace       used 9058K, capacity 9242K, committed 9344K, reserved 1056768K
  class space    used 1063K, capacity 1123K, committed 1152K, reserved 1048576K
GC Heap History (10 events):
Event: 0.678 GC heap before
{Heap before GC invocations=2 (full 0):
 PSYoungGen      total 38400K, used 38391K [0x00000000d5f00000, 0x00000000daa00000, 0x0000000100000000)
  eden space 33280K, 100% used [0x00000000d5f00000,0x00000000d7f80000,0x00000000d7f80000)
  from space 5120K, 99% used [0x00000000d7f80000,0x00000000d847dc60,0x00000000d8480000)
  to   space 5120K, 0% used [0x00000000da500000,0x00000000da500000,0x00000000daa00000)
 ParOldGen       total 87552K, used 12952K [0x0000000081c00000, 0x0000000087180000, 0x00000000d5f00000)
  object space 87552K, 14% used [0x0000000081c00000,0x00000000828a6000,0x0000000087180000)
 Metaspace       used 7898K, capacity 8050K, committed 8320K, reserved 1056768K
  class space    used 971K, capacity 1027K, committed 1152K, reserved 1048576K
Event: 0.682 GC heap after
Heap after GC invocations=2 (full 0):
 PSYoungGen      total 71680K, used 5111K [0x00000000d5f00000, 0x00000000daa00000, 0x0000000100000000)
  eden space 66560K, 0% used [0x00000000d5f00000,0x00000000d5f00000,0x00000000da000000)
  from space 5120K, 99% used [0x00000000da500000,0x00000000da9fdc60,0x00000000daa00000)
  to   space 5120K, 0% used [0x00000000da000000,0x00000000da000000,0x00000000da500000)
 ParOldGen       total 87552K, used 14144K [0x0000000081c00000, 0x0000000087180000, 0x00000000d5f00000)
  object space 87552K, 16% used [0x0000000081c00000,0x00000000829d0000,0x0000000087180000)
 Metaspace       used 7898K, capacity 8050K, committed 8320K, reserved 1056768K
  class space    used 971K, capacity 1027K, committed 1152K, reserved 1048576K
}
Event: 1.173 GC heap before
{Heap before GC invocations=3 (full 0):
 PSYoungGen      total 71680K, used 71671K [0x00000000d5f00000, 0x00000000daa00000, 0x0000000100000000)
  eden space 66560K, 100% used [0x00000000d5f00000,0x00000000da000000,0x00000000da000000)
  from space 5120K, 99% used [0x00000000da500000,0x00000000da9fdc60,0x00000000daa00000)
  to   space 5120K, 0% used [0x00000000da000000,0x00000000da000000,0x00000000da500000)
 ParOldGen       total 87552K, used 14144K [0x0000000081c00000, 0x0000000087180000, 0x00000000d5f00000)
  object space 87552K, 16% used [0x0000000081c00000,0x00000000829d0000,0x0000000087180000)
 Metaspace       used 7898K, capacity 8050K, committed 8320K, reserved 1056768K
  class space    used 971K, capacity 1027K, committed 1152K, reserved 1048576K
Event: 1.178 GC heap after
Heap after GC invocations=3 (full 0):
 PSYoungGen      total 71680K, used 5111K [0x00000000d5f00000, 0x00000000deb00000, 0x0000000100000000)
  eden space 66560K, 0% used [0x00000000d5f00000,0x00000000d5f00000,0x00000000da000000)
  from space 5120K, 99% used [0x00000000da000000,0x00000000da4fdc60,0x00000000da500000)
  to   space 5120K, 0% used [0x00000000de600000,0x00000000de600000,0x00000000deb00000)
 ParOldGen       total 87552K, used 14208K [0x0000000081c00000, 0x0000000087180000, 0x00000000d5f00000)
  object space 87552K, 16% used [0x0000000081c00000,0x00000000829e0000,0x0000000087180000)
 Metaspace       used 7898K, capacity 8050K, committed 8320K, reserved 1056768K
  class space    used 971K, capacity 1027K, committed 1152K, reserved 1048576K
}
Event: 1.722 GC heap before
{Heap before GC invocations=4 (full 0):
 PSYoungGen      total 71680K, used 71671K [0x00000000d5f00000, 0x00000000deb00000, 0x0000000100000000)
  eden space 66560K, 100% used [0x00000000d5f00000,0x00000000da000000,0x00000000da000000)
  from space 5120K, 99% used [0x00000000da000000,0x00000000da4fdc60,0x00000000da500000)
  to   space 5120K, 0% used [0x00000000de600000,0x00000000de600000,0x00000000deb00000)
 ParOldGen       total 87552K, used 14208K [0x0000000081c00000, 0x0000000087180000, 0x00000000d5f00000)
  object space 87552K, 16% used [0x0000000081c00000,0x00000000829e0000,0x0000000087180000)
 Metaspace       used 7940K, capacity 8114K, committed 8320K, reserved 1056768K
  class space    used 974K, capacity 1027K, committed 1152K, reserved 1048576K
Event: 1.727 GC heap after
Heap after GC invocations=4 (full 0):
 PSYoungGen      total 138240K, used 5111K [0x00000000d5f00000, 0x00000000deb00000, 0x0000000100000000)
  eden space 133120K, 0% used [0x00000000d5f00000,0x00000000d5f00000,0x00000000de100000)
  from space 5120K, 99% used [0x00000000de600000,0x00000000deafdc60,0x00000000deb00000)
  to   space 5120K, 0% used [0x00000000de100000,0x00000000de100000,0x00000000de600000)
 ParOldGen       total 87552K, used 14248K [0x0000000081c00000, 0x0000000087180000, 0x00000000d5f00000)
  object space 87552K, 16% used [0x0000000081c00000,0x00000000829ea000,0x0000000087180000)
 Metaspace       used 7940K, capacity 8114K, committed 8320K, reserved 1056768K
  class space    used 974K, capacity 1027K, committed 1152K, reserved 1048576K
}
Event: 2.652 GC heap before
{Heap before GC invocations=5 (full 0):
 PSYoungGen      total 138240K, used 138231K [0x00000000d5f00000, 0x00000000deb00000, 0x0000000100000000)
  eden space 133120K, 100% used [0x00000000d5f00000,0x00000000de100000,0x00000000de100000)
  from space 5120K, 99% used [0x00000000de600000,0x00000000deafdc60,0x00000000deb00000)
  to   space 5120K, 0% used [0x00000000de100000,0x00000000de100000,0x00000000de600000)
 ParOldGen       total 87552K, used 14248K [0x0000000081c00000, 0x0000000087180000, 0x00000000d5f00000)
  object space 87552K, 16% used [0x0000000081c00000,0x00000000829ea000,0x0000000087180000)
 Metaspace       used 7959K, capacity 8114K, committed 8320K, reserved 1056768K
  class space    used 975K, capacity 1027K, committed 1152K, reserved 1048576K
Event: 2.670 GC heap after
Heap after GC invocations=5 (full 0):
 PSYoungGen      total 138240K, used 5118K [0x00000000d5f00000, 0x00000000e9800000, 0x0000000100000000)
  eden space 133120K, 0% used [0x00000000d5f00000,0x00000000d5f00000,0x00000000de100000)
  from space 5120K, 99% used [0x00000000de100000,0x00000000de5ff8b0,0x00000000de600000)
  to   space 27136K, 0% used [0x00000000e7d80000,0x00000000e7d80000,0x00000000e9800000)
 ParOldGen       total 87552K, used 32068K [0x0000000081c00000, 0x0000000087180000, 0x00000000d5f00000)
  object space 87552K, 36% used [0x0000000081c00000,0x0000000083b51338,0x0000000087180000)
 Metaspace       used 7959K, capacity 8114K, committed 8320K, reserved 1056768K
  class space    used 975K, capacity 1027K, committed 1152K, reserved 1048576K
}
Event: 8.329 GC heap before
{Heap before GC invocations=6 (full 0):
 PSYoungGen      total 138240K, used 138238K [0x00000000d5f00000, 0x00000000e9800000, 0x0000000100000000)
  eden space 133120K, 100% used [0x00000000d5f00000,0x00000000de100000,0x00000000de100000)
  from space 5120K, 99% used [0x00000000de100000,0x00000000de5ff8b0,0x00000000de600000)
  to   space 27136K, 0% used [0x00000000e7d80000,0x00000000e7d80000,0x00000000e9800000)
 ParOldGen       total 87552K, used 32068K [0x0000000081c00000, 0x0000000087180000, 0x00000000d5f00000)
  object space 87552K, 36% used [0x0000000081c00000,0x0000000083b51338,0x0000000087180000)
 Metaspace       used 8968K, capacity 9114K, committed 9344K, reserved 1056768K
  class space    used 1059K, capacity 1123K, committed 1152K, reserved 1048576K
Event: 8.338 GC heap after
Heap after GC invocations=6 (full 0):
 PSYoungGen      total 291328K, used 5646K [0x00000000d5f00000, 0x00000000e9600000, 0x0000000100000000)
  eden space 266240K, 0% used [0x00000000d5f00000,0x00000000d5f00000,0x00000000e6300000)
  from space 25088K, 22% used [0x00000000e7d80000,0x00000000e83038d0,0x00000000e9600000)
  to   space 26112K, 0% used [0x00000000e6300000,0x00000000e6300000,0x00000000e7c80000)
 ParOldGen       total 87552K, used 32076K [0x0000000081c00000, 0x0000000087180000, 0x00000000d5f00000)
  object space 87552K, 36% used [0x0000000081c00000,0x0000000083b53338,0x0000000087180000)
 Metaspace       used 8968K, capacity 9114K, committed 9344K, reserved 1056768K
  class space    used 1059K, capacity 1123K, committed 1152K, reserved 1048576K
}

