# JRE version: Java(TM) SE Runtime Environment (8.0_31-b13) (build 1.8.0_31-b13)
# Java VM: Java HotSpot(TM) 64-Bit Server VM (25.31-b07 mixed mode windows-amd64 compressed oops)
Heap:
 PSYoungGen      total 552448K, used 299906K [0x00000000d5f00000, 0x00000000f8e00000, 0x0000000100000000)
  eden space 532480K, 55% used [0x00000000d5f00000,0x00000000e80b8a28,0x00000000f6700000)
  from space 19968K, 16% used [0x00000000f7a80000,0x00000000f7da8010,0x00000000f8e00000)
  to   space 19968K, 0% used [0x00000000f6700000,0x00000000f6700000,0x00000000f7a80000)
 ParOldGen       total 87552K, used 34623K [0x0000000081c00000, 0x0000000087180000, 0x00000000d5f00000)
  object space 87552K, 39% used [0x0000000081c00000,0x0000000083dcfc28,0x0000000087180000)
 Metaspace       used 9363K, capacity 9490K, committed 9600K, reserved 1058816K
  class space    used 1087K, capacity 1123K, committed 1152K, reserved 1048576K
GC Heap History (10 events):
Event: 0.892 GC heap before
{Heap before GC invocations=4 (full 0):
 PSYoungGen      total 71680K, used 71655K [0x00000000d5f00000, 0x00000000deb00000, 0x0000000100000000)
  eden space 66560K, 100% used [0x00000000d5f00000,0x00000000da000000,0x00000000da000000)
  from space 5120K, 99% used [0x00000000da000000,0x00000000da4f9c50,0x00000000da500000)
  to   space 5120K, 0% used [0x00000000de600000,0x00000000de600000,0x00000000deb00000)
 ParOldGen       total 87552K, used 14216K [0x0000000081c00000, 0x0000000087180000, 0x00000000d5f00000)
  object space 87552K, 16% used [0x0000000081c00000,0x00000000829e2000,0x0000000087180000)
 Metaspace       used 8010K, capacity 8170K, committed 8320K, reserved 1056768K
  class space    used 977K, capacity 1027K, committed 1152K, reserved 1048576K
Event: 0.904 GC heap after
Heap after GC invocations=4 (full 0):
 PSYoungGen      total 138240K, used 5102K [0x00000000d5f00000, 0x00000000deb00000, 0x0000000100000000)
  eden space 133120K, 0% used [0x00000000d5f00000,0x00000000d5f00000,0x00000000de100000)
  from space 5120K, 99% used [0x00000000de600000,0x00000000deafb8a0,0x00000000deb00000)
  to   space 5120K, 0% used [0x00000000de100000,0x00000000de100000,0x00000000de600000)
 ParOldGen       total 87552K, used 27544K [0x0000000081c00000, 0x0000000087180000, 0x00000000d5f00000)
  object space 87552K, 31% used [0x0000000081c00000,0x00000000836e6000,0x0000000087180000)
 Metaspace       used 8010K, capacity 8170K, committed 8320K, reserved 1056768K
  class space    used 977K, capacity 1027K, committed 1152K, reserved 1048576K
}
Event: 1.408 GC heap before
{Heap before GC invocations=5 (full 0):
 PSYoungGen      total 138240K, used 138222K [0x00000000d5f00000, 0x00000000deb00000, 0x0000000100000000)
  eden space 133120K, 100% used [0x00000000d5f00000,0x00000000de100000,0x00000000de100000)
  from space 5120K, 99% used [0x00000000de600000,0x00000000deafb8a0,0x00000000deb00000)
  to   space 5120K, 0% used [0x00000000de100000,0x00000000de100000,0x00000000de600000)
 ParOldGen       total 87552K, used 27544K [0x0000000081c00000, 0x0000000087180000, 0x00000000d5f00000)
  object space 87552K, 31% used [0x0000000081c00000,0x00000000836e6000,0x0000000087180000)
 Metaspace       used 8040K, capacity 8170K, committed 8320K, reserved 1056768K
  class space    used 977K, capacity 1027K, committed 1152K, reserved 1048576K
Event: 1.417 GC heap after
Heap after GC invocations=5 (full 0):
 PSYoungGen      total 138240K, used 5102K [0x00000000d5f00000, 0x00000000e8a00000, 0x0000000100000000)
  eden space 133120K, 0% used [0x00000000d5f00000,0x00000000d5f00000,0x00000000de100000)
  from space 5120K, 99% used [0x00000000de100000,0x00000000de5fb8c0,0x00000000de600000)
  to   space 19968K, 0% used [0x00000000e7680000,0x00000000e7680000,0x00000000e8a00000)
 ParOldGen       total 87552K, used 32104K [0x0000000081c00000, 0x0000000087180000, 0x00000000d5f00000)
  object space 87552K, 36% used [0x0000000081c00000,0x0000000083b5a000,0x0000000087180000)
 Metaspace       used 8040K, capacity 8170K, committed 8320K, reserved 1056768K
  class space    used 977K, capacity 1027K, committed 1152K, reserved 1048576K
}
Event: 4.136 GC heap before
{Heap before GC invocations=6 (full 0):
 PSYoungGen      total 138240K, used 138222K [0x00000000d5f00000, 0x00000000e8a00000, 0x0000000100000000)
  eden space 133120K, 100% used [0x00000000d5f00000,0x00000000de100000,0x00000000de100000)
  from space 5120K, 99% used [0x00000000de100000,0x00000000de5fb8c0,0x00000000de600000)
  to   space 19968K, 0% used [0x00000000e7680000,0x00000000e7680000,0x00000000e8a00000)
 ParOldGen       total 87552K, used 32104K [0x0000000081c00000, 0x0000000087180000, 0x00000000d5f00000)
  object space 87552K, 36% used [0x0000000081c00000,0x0000000083b5a000,0x0000000087180000)
 Metaspace       used 8060K, capacity 8170K, committed 8320K, reserved 1056768K
  class space    used 977K, capacity 1027K, committed 1152K, reserved 1048576K
Event: 4.143 GC heap after
Heap after GC invocations=6 (full 0):
 PSYoungGen      total 286208K, used 5246K [0x00000000d5f00000, 0x00000000e8a00000, 0x0000000100000000)
  eden space 266240K, 0% used [0x00000000d5f00000,0x00000000d5f00000,0x00000000e6300000)
  from space 19968K, 26% used [0x00000000e7680000,0x00000000e7b9f8b0,0x00000000e8a00000)
  to   space 19968K, 0% used [0x00000000e6300000,0x00000000e6300000,0x00000000e7680000)
 ParOldGen       total 87552K, used 32112K [0x0000000081c00000, 0x0000000087180000, 0x00000000d5f00000)
  object space 87552K, 36% used [0x0000000081c00000,0x0000000083b5c000,0x0000000087180000)
 Metaspace       used 8060K, capacity 8170K, committed 8320K, reserved 1056768K
  class space    used 977K, capacity 1027K, committed 1152K, reserved 1048576K
}
Event: 14.571 GC heap before
{Heap before GC invocations=7 (full 0):
 PSYoungGen      total 286208K, used 271486K [0x00000000d5f00000, 0x00000000e8a00000, 0x0000000100000000)
  eden space 266240K, 100% used [0x00000000d5f00000,0x00000000e6300000,0x00000000e6300000)
  from space 19968K, 26% used [0x00000000e7680000,0x00000000e7b9f8b0,0x00000000e8a00000)
  to   space 19968K, 0% used [0x00000000e6300000,0x00000000e6300000,0x00000000e7680000)
 ParOldGen       total 87552K, used 32112K [0x0000000081c00000, 0x0000000087180000, 0x00000000d5f00000)
  object space 87552K, 36% used [0x0000000081c00000,0x0000000083b5c000,0x0000000087180000)
 Metaspace       used 9306K, capacity 9426K, committed 9600K, reserved 1058816K
  class space    used 1083K, capacity 1123K, committed 1152K, reserved 1048576K
Event: 14.578 GC heap after
Heap after GC invocations=7 (full 0):
 PSYoungGen      total 286208K, used 3623K [0x00000000d5f00000, 0x00000000f8e00000, 0x0000000100000000)
  eden space 266240K, 0% used [0x00000000d5f00000,0x00000000d5f00000,0x00000000e6300000)
  from space 19968K, 18% used [0x00000000e6300000,0x00000000e6689c60,0x00000000e7680000)
  to   space 19968K, 0% used [0x00000000f7a80000,0x00000000f7a80000,0x00000000f8e00000)
 ParOldGen       total 87552K, used 34167K [0x0000000081c00000, 0x0000000087180000, 0x00000000d5f00000)
  object space 87552K, 39% used [0x0000000081c00000,0x0000000083d5dfd8,0x0000000087180000)
 Metaspace       used 9306K, capacity 9426K, committed 9600K, reserved 1058816K
  class space    used 1083K, capacity 1123K, committed 1152K, reserved 1048576K
}
Event: 27.378 GC heap before
{Heap before GC invocations=8 (full 0):
 PSYoungGen      total 286208K, used 269863K [0x00000000d5f00000, 0x00000000f8e00000, 0x0000000100000000)
  eden space 266240K, 100% used [0x00000000d5f00000,0x00000000e6300000,0x00000000e6300000)
  from space 19968K, 18% used [0x00000000e6300000,0x00000000e6689c60,0x00000000e7680000)
  to   space 19968K, 0% used [0x00000000f7a80000,0x00000000f7a80000,0x00000000f8e00000)
 ParOldGen       total 87552K, used 34167K [0x0000000081c00000, 0x0000000087180000, 0x00000000d5f00000)
  object space 87552K, 39% used [0x0000000081c00000,0x0000000083d5dfd8,0x0000000087180000)
 Metaspace       used 9306K, capacity 9426K, committed 9600K, reserved 1058816K
  class space    used 1083K, capacity 1123K, committed 1152K, reserved 1048576K
Event: 27.381 GC heap after
Heap after GC invocations=8 (full 0):
 PSYoungGen      total 552448K, used 3232K [0x00000000d5f00000, 0x00000000f8e00000, 0x0000000100000000)
  eden space 532480K, 0% used [0x00000000d5f00000,0x00000000d5f00000,0x00000000f6700000)
  from space 19968K, 16% used [0x00000000f7a80000,0x00000000f7da8010,0x00000000f8e00000)
  to   space 19968K, 0% used [0x00000000f6700000,0x00000000f6700000,0x00000000f7a80000)
 ParOldGen       total 87552K, used 34623K [0x0000000081c00000, 0x0000000087180000, 0x00000000d5f00000)
  object space 87552K, 39% used [0x0000000081c00000,0x0000000083dcfc28,0x0000000087180000)
 Metaspace       used 9306K, capacity 9426K, committed 9600K, reserved 1058816K
  class space    used 1083K, capacity 1123K, committed 1152K, reserved 1048576K
}

